Build started 10/19/2015 3:12:00 PM.
     1>Project "E:\Academics\Introduction to Computer Vision\plus\plus\plus.vcxproj" on node 2 (Build target(s)).
     1>ClCompile:
         C:\Program Files (x86)\Microsoft Visual Studio 14.0\VC\bin\CL.exe /c /ZI /nologo /W3 /WX- /Od /Oy- /D WIN32 /D _DEBUG /D _WINDOWS /D _VC80_UPGRADE=0x0600 /D _MBCS /Gm /EHsc /RTC1 /MTd /GS /Gy- /fp:precise /Zc:wchar_t /Zc:forScope /Zc:inline /Fo".\Debug\\" /Fd".\Debug\vc140.pdb" /Gd /TC /analyze- /errorReport:prompt main.c
         main.c
     1>e:\academics\introduction to computer vision\plus\plus\main.c(54): warning C4996: 'strcpy': This function or variable may be unsafe. Consider using strcpy_s instead. To disable deprecation, use _CRT_SECURE_NO_WARNINGS. See online help for details.
         c:\program files (x86)\windows kits\10\include\10.0.10150.0\ucrt\string.h(119): note: see declaration of 'strcpy'
     1>e:\academics\introduction to computer vision\plus\plus\main.c(152): warning C4996: 'fopen': This function or variable may be unsafe. Consider using fopen_s instead. To disable deprecation, use _CRT_SECURE_NO_WARNINGS. See online help for details.
         c:\program files (x86)\windows kits\10\include\10.0.10150.0\ucrt\stdio.h(205): note: see declaration of 'fopen'
     1>e:\academics\introduction to computer vision\plus\plus\main.c(157): warning C4996: 'fscanf': This function or variable may be unsafe. Consider using fscanf_s instead. To disable deprecation, use _CRT_SECURE_NO_WARNINGS. See online help for details.
         c:\program files (x86)\windows kits\10\include\10.0.10150.0\ucrt\stdio.h(1193): note: see declaration of 'fscanf'
     1>e:\academics\introduction to computer vision\plus\plus\main.c(79): warning C4101: 'xPos': unreferenced local variable
     1>e:\academics\introduction to computer vision\plus\plus\main.c(77): warning C4101: 'hDC': unreferenced local variable
     1>e:\academics\introduction to computer vision\plus\plus\main.c(79): warning C4101: 'yPos': unreferenced local variable
     1>e:\academics\introduction to computer vision\plus\plus\main.c(78): warning C4101: 'text': unreferenced local variable
     1>e:\academics\introduction to computer vision\plus\plus\main.c(199): warning C4101: 'i': unreferenced local variable
     1>e:\academics\introduction to computer vision\plus\plus\main.c(445): warning C4715: 'RegionGrow': not all control paths return a value
       Link:
         C:\Program Files (x86)\Microsoft Visual Studio 14.0\VC\bin\link.exe /ERRORREPORT:PROMPT /OUT:".\Debug\plus.exe" /INCREMENTAL /NOLOGO odbc32.lib odbccp32.lib kernel32.lib user32.lib gdi32.lib winspool.lib comdlg32.lib advapi32.lib shell32.lib ole32.lib oleaut32.lib uuid.lib odbc32.lib odbccp32.lib /MANIFEST /MANIFESTUAC:"level='asInvoker' uiAccess='false'" /manifest:embed /Debug /PDB:".\Debug\plus.pdb" /SUBSYSTEM:WINDOWS /TLBID:1 /DYNAMICBASE /NXCOMPAT /IMPLIB:".\Debug\plus.lib" /MACHINE:X86 /SAFESEH .\Debug\interface.res
         .\Debug\main.obj
         plus.vcxproj -> E:\Academics\Introduction to Computer Vision\plus\plus\.\Debug\plus.exe
     1>Done Building Project "E:\Academics\Introduction to Computer Vision\plus\plus\plus.vcxproj" (Build target(s)).

Build succeeded.

Time Elapsed 00:00:06.23
